<?xml version="1.0" encoding="UTF-8"?>
<testng-results skipped="0" failed="0" total="1" passed="1">
  <reporter-output>
  </reporter-output>
  <suite name="Default suite" duration-ms="416164" started-at="2018-04-23T09:19:18Z" finished-at="2018-04-23T09:26:15Z">
    <groups>
    </groups>
    <test name="Default test" duration-ms="416164" started-at="2018-04-23T09:19:18Z" finished-at="2018-04-23T09:26:15Z">
      <class name="executionEngine.RunTestNG">
        <test-method status="PASS" signature="setUp()[pri:0, instance:executionEngine.RunTestNG@18f6c7d]" name="setUp" is-config="true" duration-ms="5" started-at="2018-04-23T14:49:18Z" finished-at="2018-04-23T14:49:18Z">
          <reporter-output>
          </reporter-output>
        </test-method> <!-- setUp -->
        <test-method status="PASS" signature="main()[pri:0, instance:executionEngine.RunTestNG@18f6c7d]" name="main" duration-ms="415990" started-at="2018-04-23T14:49:18Z" finished-at="2018-04-23T14:56:14Z">
          <reporter-output>
          </reporter-output>
        </test-method> <!-- main -->
        <test-method status="PASS" signature="tearDown()[pri:0, instance:executionEngine.RunTestNG@18f6c7d]" name="tearDown" is-config="true" duration-ms="0" started-at="2018-04-23T14:56:14Z" finished-at="2018-04-23T14:56:14Z">
          <reporter-output>
          </reporter-output>
        </test-method> <!-- tearDown -->
      </class> <!-- executionEngine.RunTestNG -->
    </test> <!-- Default test -->
  </suite> <!-- Default suite -->
</testng-results>
